<?xml version="1.0" encoding="UTF-8"?>
<!-- Generated by org.testng.reporters.JUnitXMLReporter -->
<testsuite hostname="AGIRDHER-LAP" ignored="0" name="Free CRM App Test Cases" tests="12" failures="0" timestamp="09 Apr 2018 21:23:29 GMT" time="208.664" errors="0">
  <testcase name="titleTest" time="0.048" classname="com.crm.qa.testcases.LoginPageTest"/>
  <testcase name="verifyHomePageTitleTest" time="0.009" classname="com.crm.qa.testcases.HomePageTest"/>
  <testcase name="verifyContactsPageLabelTest" time="0.103" classname="com.crm.qa.testcases.ContactsPageTest"/>
  <testcase name="logoTest" time="0.046" classname="com.crm.qa.testcases.LoginPageTest"/>
  <testcase name="verifyLoginUserTest" time="0.1" classname="com.crm.qa.testcases.HomePageTest"/>
  <testcase name="selectContactsTest" time="0.266" classname="com.crm.qa.testcases.ContactsPageTest"/>
  <testcase name="loginTest" time="7.189" classname="com.crm.qa.testcases.LoginPageTest"/>
  <testcase name="clickContactsTest" time="0.203" classname="com.crm.qa.testcases.HomePageTest"/>
  <testcase name="selectMultipleContactsTest" time="0.378" classname="com.crm.qa.testcases.ContactsPageTest"/>
  <testcase name="validateCreateNewContactTest" time="3.607" classname="com.crm.qa.testcases.ContactsPageTest"/>
  <testcase name="validateCreateNewContactTest" time="3.389" classname="com.crm.qa.testcases.ContactsPageTest"/>
  <testcase name="validateCreateNewContactTest" time="3.492" classname="com.crm.qa.testcases.ContactsPageTest"/>
</testsuite> <!-- Free CRM App Test Cases -->
