<?xml version="1.0" encoding="UTF-8"?>
<!-- Generated by org.testng.reporters.JUnitXMLReporter -->
<testsuite hostname="AGIRDHER-LAP" ignored="0" name="Command line test" tests="12" failures="0" timestamp="09 Apr 2018 21:44:45 GMT" time="215.084" errors="0">
  <testcase name="verifyContactsPageLabelTest" time="0.115" classname="com.crm.qa.testcases.ContactsPageTest"/>
  <testcase name="verifyHomePageTitleTest" time="0.032" classname="com.crm.qa.testcases.HomePageTest"/>
  <testcase name="titleTest" time="0.052" classname="com.crm.qa.testcases.LoginPageTest"/>
  <testcase name="selectContactsTest" time="0.205" classname="com.crm.qa.testcases.ContactsPageTest"/>
  <testcase name="verifyLoginUserTest" time="0.12" classname="com.crm.qa.testcases.HomePageTest"/>
  <testcase name="logoTest" time="0.088" classname="com.crm.qa.testcases.LoginPageTest"/>
  <testcase name="selectMultipleContactsTest" time="0.385" classname="com.crm.qa.testcases.ContactsPageTest"/>
  <testcase name="clickContactsTest" time="0.188" classname="com.crm.qa.testcases.HomePageTest"/>
  <testcase name="loginTest" time="6.897" classname="com.crm.qa.testcases.LoginPageTest"/>
  <testcase name="validateCreateNewContactTest" time="3.586" classname="com.crm.qa.testcases.ContactsPageTest"/>
  <testcase name="validateCreateNewContactTest" time="4.05" classname="com.crm.qa.testcases.ContactsPageTest"/>
  <testcase name="validateCreateNewContactTest" time="3.523" classname="com.crm.qa.testcases.ContactsPageTest"/>
</testsuite> <!-- Command line test -->
