<?xml version="1.0" encoding="UTF-8" ?>
<testsuite tests="12" failures="0" name="TestSuite" time="19.23" errors="0" skipped="0">
  <properties>
[...]
</properties>
  <testcase classname="com.crm.qa.testcases.ContactsPageTest" name="verifyContactsPageLabelTest" time="0.113"/>
  <testcase classname="com.crm.qa.testcases.HomePageTest" name="verifyHomePageTitleTest" time="0.03"/>
  <testcase classname="com.crm.qa.testcases.LoginPageTest" name="titleTest" time="0.057"/>
  <testcase classname="com.crm.qa.testcases.ContactsPageTest" name="selectContactsTest" time="0.202"/>
  <testcase classname="com.crm.qa.testcases.HomePageTest" name="verifyLoginUserTest" time="0.12"/>
  <testcase classname="com.crm.qa.testcases.LoginPageTest" name="logoTest" time="0.088"/>
  <testcase classname="com.crm.qa.testcases.ContactsPageTest" name="selectMultipleContactsTest" time="0.375"/>
  <testcase classname="com.crm.qa.testcases.HomePageTest" name="clickContactsTest" time="0.188"/>
  <testcase classname="com.crm.qa.testcases.LoginPageTest" name="loginTest" time="6.905"/>
  <testcase classname="com.crm.qa.testcases.ContactsPageTest" name="validateCreateNewContactTest" time="3.586"/>
  <testcase classname="com.crm.qa.testcases.ContactsPageTest" name="validateCreateNewContactTest" time="4.043"/>
  <testcase classname="com.crm.qa.testcases.ContactsPageTest" name="validateCreateNewContactTest" time="3.523"/>
</testsuite>